2026-01-10 20:26:40,994 - INFO - Database initialized successfully.
2026-01-10 20:26:40,996 - INFO - Default admin user created.
2026-01-10 20:26:40,997 - INFO - Module 'Temperature Sensor' registered with ID 1.
2026-01-10 20:26:40,998 - INFO - Module 'Pressure Sensor' registered with ID 2.
2026-01-10 20:26:40,999 - INFO - Module 'Camera System' registered with ID 3.
2026-01-10 20:26:40,999 - WARNING - Username 'admin' already exists.
2026-01-10 20:26:41,001 - INFO - User 'operator1' created with role 'operator'.
2026-01-10 20:26:41,003 - INFO - Module 1 status updated to 'alarm'.
2026-01-10 20:26:41,003 - WARNING - Alarm triggered: HIGH_TEMP on module 1
2026-01-10 20:26:41,005 - INFO - Module 2 status updated to 'alarm'.
2026-01-10 20:26:41,005 - WARNING - Alarm triggered: LOW_PRESSURE on module 2
2026-01-10 20:27:28,448 - INFO - Database initialized successfully.
2026-01-10 20:27:28,451 - INFO - Module 'Temperature Sensor' registered with ID 4.
2026-01-10 20:27:28,453 - INFO - Module 'Pressure Sensor' registered with ID 5.
2026-01-10 20:27:28,454 - INFO - Module 'Camera System' registered with ID 6.
2026-01-10 20:27:28,454 - WARNING - Username 'admin' already exists.
2026-01-10 20:27:28,454 - WARNING - Username 'operator1' already exists.
2026-01-10 20:27:28,458 - INFO - Module 4 status updated to 'alarm'.
2026-01-10 20:27:28,458 - WARNING - Alarm triggered: HIGH_TEMP on module 4
2026-01-10 20:27:28,460 - INFO - Module 5 status updated to 'alarm'.
2026-01-10 20:27:28,460 - WARNING - Alarm triggered: LOW_PRESSURE on module 5
2026-01-10 20:27:28,460 - INFO - Database connection closed.
2026-01-10 20:53:30,544 - INFO - Database initialized successfully.
2026-01-10 20:53:30,547 - INFO - Module 'Temperature Sensor' registered with ID 7.
2026-01-10 20:53:30,548 - INFO - Module 'Pressure Sensor' registered with ID 8.
2026-01-10 20:53:30,549 - INFO - Module 'Camera System' registered with ID 9.
2026-01-10 20:53:30,550 - WARNING - Username 'admin' already exists.
2026-01-10 20:53:30,550 - WARNING - Username 'operator1' already exists.
2026-01-10 20:53:30,552 - INFO - Module 7 status updated to 'alarm'.
2026-01-10 20:53:30,552 - WARNING - Alarm triggered: HIGH_TEMP on module 7
2026-01-10 20:53:30,555 - INFO - Module 8 status updated to 'alarm'.
2026-01-10 20:53:30,555 - WARNING - Alarm triggered: LOW_PRESSURE on module 8
2026-01-10 20:53:30,555 - INFO - Database connection closed.
2026-01-11 15:24:24,426 - INFO - Database initialized successfully.
2026-01-11 15:24:35,789 - INFO - Database initialized successfully.
2026-01-11 15:24:35,790 - INFO - Module 'Temperature Sensor' registered with ID 10.
2026-01-11 15:24:35,792 - INFO - Module 'Pressure Sensor' registered with ID 11.
2026-01-11 15:24:35,793 - INFO - Module 'Camera System' registered with ID 12.
2026-01-11 15:24:35,793 - WARNING - Username 'admin' already exists.
2026-01-11 15:24:35,793 - WARNING - Username 'operator1' already exists.
2026-01-11 15:24:35,795 - INFO - Module 10 status updated to 'alarm'.
2026-01-11 15:24:35,795 - WARNING - Alarm triggered: HIGH_TEMP on module 10
2026-01-11 15:24:35,797 - INFO - Module 11 status updated to 'alarm'.
2026-01-11 15:24:35,797 - WARNING - Alarm triggered: LOW_PRESSURE on module 11
2026-01-11 15:24:35,797 - INFO - Database connection closed.
2026-01-11 15:25:08,074 - INFO - Database initialized successfully.
2026-01-11 15:25:08,075 - INFO - Module 'Temperature Sensor' registered with ID 13.
2026-01-11 15:25:08,076 - INFO - Module 'Pressure Sensor' registered with ID 14.
2026-01-11 15:25:08,078 - INFO - Module 'Camera System' registered with ID 15.
2026-01-11 15:25:08,078 - WARNING - Username 'admin' already exists.
2026-01-11 15:25:08,078 - WARNING - Username 'operator1' already exists.
2026-01-11 15:25:08,080 - INFO - Module 13 status updated to 'alarm'.
2026-01-11 15:25:08,080 - WARNING - Alarm triggered: HIGH_TEMP on module 13
2026-01-11 15:25:08,082 - INFO - Module 14 status updated to 'alarm'.
2026-01-11 15:25:08,082 - WARNING - Alarm triggered: LOW_PRESSURE on module 14
2026-01-11 15:25:08,082 - INFO - Database connection closed.
2026-01-11 15:25:21,048 - INFO - Database initialized successfully.
2026-01-11 15:25:23,155 - INFO - Add new sensor button clicked.
2026-01-11 15:25:23,775 - INFO - Add new sensor button clicked.
2026-01-11 15:25:23,968 - INFO - Add new sensor button clicked.
2026-01-11 15:25:24,128 - INFO - Add new sensor button clicked.
2026-01-11 15:29:58,266 - INFO - Database initialized successfully.
2026-01-11 15:30:01,477 - INFO - Database initialized successfully.
2026-01-11 15:30:03,751 - INFO - Add new sensor button clicked.
2026-01-11 15:31:29,217 - INFO - Database initialized successfully.
2026-01-11 15:31:46,335 - INFO - Database initialized successfully.
2026-01-11 15:31:48,363 - INFO - Add new sensor button clicked.
2026-01-11 15:32:47,475 - INFO - Database initialized successfully.
2026-01-11 15:33:51,358 - INFO - Database initialized successfully.
2026-01-11 15:34:26,534 - INFO - Database initialized successfully.
2026-01-11 15:35:13,911 - INFO - Add new sensor button clicked.
