2026-01-11 19:22:01,038 - root - INFO - Database initialized successfully.
2026-01-11 19:22:19,011 - root - INFO - Add new sensor button clicked.
2026-01-11 19:22:27,974 - root - INFO - Alarm activated by user.
2026-01-11 19:22:35,374 - root - INFO - Alarm deactivated by user.
2026-01-11 19:23:39,577 - root - INFO - Database initialized successfully.
2026-01-11 19:23:39,581 - root - INFO - Default admin user created.
2026-01-11 21:59:37,136 - root - INFO - Database initialized successfully.
2026-01-11 22:03:16,071 - root - INFO - Database initialized successfully.
2026-01-11 22:06:29,173 - root - INFO - Database initialized successfully.
2026-01-11 22:09:54,611 - root - INFO - Database initialized successfully.
2026-01-11 22:17:37,419 - root - INFO - User 'dgonzalez' created with role 'admin'.
2026-01-11 22:17:37,419 - root - INFO - User added via GUI.
2026-01-11 22:21:51,668 - root - INFO - Database initialized successfully.
2026-01-11 22:23:44,303 - root - INFO - Database initialized successfully.
2026-01-11 22:25:40,157 - root - INFO - Database initialized successfully.
2026-01-11 22:26:00,871 - root - INFO - User 'Arnulfo' created with role 'admin'.
2026-01-11 22:29:12,813 - root - INFO - Database initialized successfully.
2026-01-11 22:29:20,588 - root - INFO - Database initialized successfully.
2026-01-11 22:54:27,523 - root - INFO - Database initialized successfully.
2026-01-11 23:14:58,544 - root - INFO - Database initialized successfully.
2026-01-11 23:15:16,601 - root - INFO - Database initialized successfully.
2026-01-11 23:18:57,272 - root - INFO - Database initialized successfully.
2026-01-11 23:21:04,057 - root - INFO - Application closing.
2026-01-11 23:25:07,806 - root - INFO - Database initialized successfully.
2026-01-11 23:27:44,256 - root - INFO - User 'mak' created with role 'user'.
2026-01-11 23:27:44,256 - root - INFO - User 'mak' added successfully.
